2024-12-31 11:39:02.012 INFO  [restartedMain] top.xym.springboot.logback.Application : Starting Application using Java 17.0.12 with PID 20932 (D:\Downloads\houduan\backendqy\Spring-boot-practice\spring-boot-logback\target\classes started by 12862 in D:\Downloads\houduan\backendqy\Spring-boot-practice)
2024-12-31 11:39:02.014 INFO  [restartedMain] top.xym.springboot.logback.Application : No active profile set, falling back to 1 default profile: "default"
2024-12-31 11:39:02.056 INFO  [restartedMain] org.springframework.boot.devtools.env.DevToolsPropertyDefaultsPostProcessor : Devtools property defaults active! Set 'spring.devtools.add-properties' to 'false' to disable
2024-12-31 11:39:02.057 INFO  [restartedMain] org.springframework.boot.devtools.env.DevToolsPropertyDefaultsPostProcessor : For additional web related logging consider setting the 'logging.level.web' property to 'DEBUG'
2024-12-31 11:39:02.760 INFO  [restartedMain] org.springframework.boot.web.embedded.tomcat.TomcatWebServer : Tomcat initialized with port 8080 (http)
2024-12-31 11:39:02.771 INFO  [restartedMain] org.apache.coyote.http11.Http11NioProtocol : Initializing ProtocolHandler ["http-nio-8080"]
2024-12-31 11:39:02.772 INFO  [restartedMain] org.apache.catalina.core.StandardService : Starting service [Tomcat]
2024-12-31 11:39:02.772 INFO  [restartedMain] org.apache.catalina.core.StandardEngine : Starting Servlet engine: [Apache Tomcat/10.1.34]
2024-12-31 11:39:02.816 INFO  [restartedMain] org.apache.catalina.core.ContainerBase.[Tomcat].[localhost].[/] : Initializing Spring embedded WebApplicationContext
2024-12-31 11:39:02.818 INFO  [restartedMain] org.springframework.boot.web.servlet.context.ServletWebServerApplicationContext : Root WebApplicationContext: initialization completed in 760 ms
2024-12-31 11:39:03.092 INFO  [restartedMain] org.springframework.boot.devtools.autoconfigure.OptionalLiveReloadServer : LiveReload server is running on port 35729
2024-12-31 11:39:03.101 INFO  [restartedMain] org.apache.coyote.http11.Http11NioProtocol : Starting ProtocolHandler ["http-nio-8080"]
2024-12-31 11:39:03.116 INFO  [restartedMain] org.springframework.boot.web.embedded.tomcat.TomcatWebServer : Tomcat started on port 8080 (http) with context path '/'
2024-12-31 11:39:03.124 INFO  [restartedMain] top.xym.springboot.logback.Application : Started Application in 1.588 seconds (process running for 2.076)
2024-12-31 11:39:18.624 INFO  [http-nio-8080-exec-1] org.apache.catalina.core.ContainerBase.[Tomcat].[localhost].[/] : Initializing Spring DispatcherServlet 'dispatcherServlet'
2024-12-31 11:39:18.624 INFO  [http-nio-8080-exec-1] org.springframework.web.servlet.DispatcherServlet : Initializing Servlet 'dispatcherServlet'
2024-12-31 11:39:18.625 INFO  [http-nio-8080-exec-1] org.springframework.web.servlet.DispatcherServlet : Completed initialization in 1 ms
2024-12-31 11:39:18.648 DEBUG [http-nio-8080-exec-1] top.xym.springboot.logback.controller.LogController : This is a DEBUG log
2024-12-31 11:39:18.648 INFO  [http-nio-8080-exec-1] top.xym.springboot.logback.controller.LogController : This is an INFO log
2024-12-31 11:39:18.648 WARN  [http-nio-8080-exec-1] top.xym.springboot.logback.controller.LogController : This is a WARN log
2024-12-31 11:39:18.648 ERROR [http-nio-8080-exec-1] top.xym.springboot.logback.controller.LogController : This is an ERROR log
2024-12-31 11:43:10.209 INFO  [File Watcher] org.springframework.boot.devtools.autoconfigure.LocalDevToolsAutoConfiguration$RestartingClassPathChangeChangedEventListener : Restarting due to 1 class path change (0 additions, 0 deletions, 1 modification)
2024-12-31 11:43:10.211 INFO  [Thread-5] org.springframework.boot.web.embedded.tomcat.GracefulShutdown : Commencing graceful shutdown. Waiting for active requests to complete
2024-12-31 11:43:10.213 INFO  [tomcat-shutdown] org.apache.coyote.http11.Http11NioProtocol : Pausing ProtocolHandler ["http-nio-8080"]
2024-12-31 11:43:10.510 INFO  [tomcat-shutdown] org.springframework.boot.web.embedded.tomcat.GracefulShutdown : Graceful shutdown complete
2024-12-31 11:43:10.510 INFO  [Thread-5] org.apache.coyote.http11.Http11NioProtocol : Stopping ProtocolHandler ["http-nio-8080"]
2024-12-31 11:43:10.586 INFO  [restartedMain] top.xym.springboot.logback.Application : Starting Application using Java 17.0.12 with PID 20932 (D:\Downloads\houduan\backendqy\Spring-boot-practice\spring-boot-logback\target\classes started by 12862 in D:\Downloads\houduan\backendqy\Spring-boot-practice)
2024-12-31 11:43:10.586 INFO  [restartedMain] top.xym.springboot.logback.Application : No active profile set, falling back to 1 default profile: "default"
2024-12-31 11:43:10.713 INFO  [restartedMain] org.springframework.boot.web.embedded.tomcat.TomcatWebServer : Tomcat initialized with port 8080 (http)
2024-12-31 11:43:10.713 INFO  [restartedMain] org.apache.coyote.http11.Http11NioProtocol : Initializing ProtocolHandler ["http-nio-8080"]
2024-12-31 11:43:10.713 INFO  [restartedMain] org.apache.catalina.core.StandardService : Starting service [Tomcat]
2024-12-31 11:43:10.713 INFO  [restartedMain] org.apache.catalina.core.StandardEngine : Starting Servlet engine: [Apache Tomcat/10.1.34]
2024-12-31 11:43:10.728 INFO  [restartedMain] org.apache.catalina.core.ContainerBase.[Tomcat].[localhost].[/] : Initializing Spring embedded WebApplicationContext
2024-12-31 11:43:10.728 INFO  [restartedMain] org.springframework.boot.web.servlet.context.ServletWebServerApplicationContext : Root WebApplicationContext: initialization completed in 140 ms
2024-12-31 11:43:10.771 INFO  [restartedMain] org.springframework.boot.devtools.autoconfigure.OptionalLiveReloadServer : LiveReload server is running on port 35729
2024-12-31 11:43:10.774 INFO  [restartedMain] org.apache.coyote.http11.Http11NioProtocol : Starting ProtocolHandler ["http-nio-8080"]
2024-12-31 11:43:10.777 INFO  [restartedMain] org.springframework.boot.web.embedded.tomcat.TomcatWebServer : Tomcat started on port 8080 (http) with context path '/'
2024-12-31 11:43:10.779 INFO  [restartedMain] top.xym.springboot.logback.Application : Started Application in 0.233 seconds (process running for 249.731)
2024-12-31 11:43:10.780 INFO  [restartedMain] org.springframework.boot.devtools.autoconfigure.ConditionEvaluationDeltaLoggingListener : Condition evaluation unchanged
2024-12-31 12:01:48.665 INFO  [SpringApplicationShutdownHook] org.springframework.boot.web.embedded.tomcat.GracefulShutdown : Commencing graceful shutdown. Waiting for active requests to complete
2024-12-31 12:01:49.041 INFO  [tomcat-shutdown] org.springframework.boot.web.embedded.tomcat.GracefulShutdown : Graceful shutdown complete
